<ShowPlanXML xmlns="http://schemas.microsoft.com/sqlserver/2004/07/showplan" Version="1.539" Build="15.0.2095.3"><BatchSequence><Batch><Statements><StmtSimple StatementText="SELECT [m].[Id], [m].[Name], [t0].[Id], [t0].[DateCreated], [t0].[IsComplete], [t0].[c]&#xd;&#xa;FROM [dbo].[MainEntity] AS [m]&#xd;&#xa;OUTER APPLY (&#xd;&#xa;    SELECT TOP(1) [t].[Id], [t].[DateCreated], [t].[IsComplete], 1 AS [c]&#xd;&#xa;    FROM (&#xd;&#xa;        SELECT TOP(1) [r].[Id], [r].[DateCreated], [r].[IsComplete]&#xd;&#xa;        FROM [dbo].[RelatedEntity] AS [r]&#xd;&#xa;        WHERE [m].[Id] = [r].[MainEntityId]&#xd;&#xa;        ORDER BY [r].[DateCreated] DESC&#xd;&#xa;    ) AS [t]&#xd;&#xa;    ORDER BY [t].[DateCreated] DESC&#xd;&#xa;) AS [t0]&#xd;&#xa;WHERE [m].[StatusId] = 1" StatementId="1" StatementCompId="1" StatementType="SELECT" RetrievedFromCache="true" StatementSubTreeCost="27.2045" StatementEstRows="1887" SecurityPolicyApplied="false" StatementOptmLevel="FULL" QueryHash="0x494F42789E7E7B8D" QueryPlanHash="0x4869A8F1C4274AF8" CardinalityEstimationModelVersion="150"><StatementSetOptions QUOTED_IDENTIFIER="true" ARITHABORT="true" CONCAT_NULL_YIELDS_NULL="true" ANSI_NULLS="true" ANSI_PADDING="true" ANSI_WARNINGS="true" NUMERIC_ROUNDABORT="false"></StatementSetOptions><QueryPlan DegreeOfParallelism="1" MemoryGrant="1024" CachedPlanSize="40" CompileTime="5" CompileCPU="5" CompileMemory="408"><Warnings><MemoryGrantWarning GrantWarningKind="Excessive Grant" RequestedMemory="1024" GrantedMemory="1024" MaxUsedMemory="16"></MemoryGrantWarning></Warnings><MemoryGrantInfo SerialRequiredMemory="16" SerialDesiredMemory="24" RequiredMemory="16" DesiredMemory="24" RequestedMemory="1024" GrantWaitTime="0" MaxQueryMemory="644040" GrantedMemory="1024" MaxUsedMemory="16" LastRequestedMemory="0" IsMemoryGrantFeedbackAdjusted="No: First Execution"></MemoryGrantInfo><OptimizerHardwareDependentProperties EstimatedAvailableMemoryGrant="417009" EstimatedPagesCached="208504" EstimatedAvailableDegreeOfParallelism="4" MaxCompileMemory="2491128"></OptimizerHardwareDependentProperties><OptimizerStatsUsage><StatisticsInfo LastUpdate="2023-04-23T14:53:25.87" ModificationCount="0" SamplingPercent="100" Statistics="[IX_MainEntity_StatusId]" Table="[MainEntity]" Schema="[dbo]" Database="[EFScenario]"></StatisticsInfo><StatisticsInfo LastUpdate="2023-04-23T13:45:54.39" ModificationCount="0" SamplingPercent="10.0685" Statistics="[PK_RelatedEntity_Id]" Table="[RelatedEntity]" Schema="[dbo]" Database="[EFScenario]"></StatisticsInfo><StatisticsInfo LastUpdate="2023-04-23T13:40:14.82" ModificationCount="0" SamplingPercent="31.8233" Statistics="[IX_MainEntity_Name]" Table="[MainEntity]" Schema="[dbo]" Database="[EFScenario]"></StatisticsInfo><StatisticsInfo LastUpdate="2023-04-23T13:45:54.68" ModificationCount="0" SamplingPercent="10.5604" Statistics="[IX_RelatedEntity_DateCreated]" Table="[RelatedEntity]" Schema="[dbo]" Database="[EFScenario]"></StatisticsInfo><StatisticsInfo LastUpdate="2023-04-23T14:56:28.14" ModificationCount="0" SamplingPercent="100" Statistics="[IX_RelatedEntity_MainEntityId]" Table="[RelatedEntity]" Schema="[dbo]" Database="[EFScenario]"></StatisticsInfo><StatisticsInfo LastUpdate="2023-04-23T13:45:55.09" ModificationCount="0" SamplingPercent="10.5604" Statistics="[IX_RelatedEntity_IsComplete]" Table="[RelatedEntity]" Schema="[dbo]" Database="[EFScenario]"></StatisticsInfo><StatisticsInfo LastUpdate="2023-04-23T13:45:54.21" ModificationCount="0" SamplingPercent="10.5604" Statistics="[IX_RelatedEntity_Name]" Table="[RelatedEntity]" Schema="[dbo]" Database="[EFScenario]"></StatisticsInfo><StatisticsInfo LastUpdate="2023-04-23T13:40:14.47" ModificationCount="0" SamplingPercent="31.3245" Statistics="[PK_MainEntity_Id]" Table="[MainEntity]" Schema="[dbo]" Database="[EFScenario]"></StatisticsInfo></OptimizerStatsUsage><WaitStats><Wait WaitType="ASYNC_NETWORK_IO" WaitTimeMs="5" WaitCount="2"></Wait><Wait WaitType="RESERVED_MEMORY_ALLOCATION_EXT" WaitTimeMs="2" WaitCount="3774"></Wait><Wait WaitType="MEMORY_ALLOCATION_EXT" WaitTimeMs="2" WaitCount="1895"></Wait></WaitStats><QueryTimeStats ElapsedTime="91" CpuTime="85"></QueryTimeStats><RelOp NodeId="0" PhysicalOp="Nested Loops" LogicalOp="Left Outer Join" EstimateRows="1887" EstimateIO="0" EstimateCPU="0.00788766" AvgRowSize="161" EstimatedTotalSubtreeCost="27.2045" Parallel="0" EstimateRebinds="0" EstimateRewinds="0" EstimatedExecutionMode="Row"><OutputList><ColumnReference Database="[EFScenario]" Schema="[dbo]" Table="[MainEntity]" Alias="[m]" Column="Id"></ColumnReference><ColumnReference Database="[EFScenario]" Schema="[dbo]" Table="[MainEntity]" Alias="[m]" Column="Name"></ColumnReference><ColumnReference Column="Expr1002"></ColumnReference><ColumnReference Column="Expr1003"></ColumnReference><ColumnReference Column="Expr1004"></ColumnReference><ColumnReference Column="Expr1005"></ColumnReference></OutputList><RunTimeInformation><RunTimeCountersPerThread Thread="0" ActualRows="1887" Batches="0" ActualExecutionMode="Row" ActualElapsedms="81" ActualCPUms="81" ActualEndOfScans="1" ActualExecutions="1"></RunTimeCountersPerThread></RunTimeInformation><NestedLoops Optimized="0"><OuterReferences><ColumnReference Database="[EFScenario]" Schema="[dbo]" Table="[MainEntity]" Alias="[m]" Column="Id"></ColumnReference></OuterReferences><RelOp NodeId="1" PhysicalOp="Index Seek" LogicalOp="Index Seek" EstimateRows="1887" EstimatedRowsRead="1887" EstimateIO="0.00849348" EstimateCPU="0.0022327" AvgRowSize="142" EstimatedTotalSubtreeCost="0.0107262" TableCardinality="750000" Parallel="0" EstimateRebinds="0" EstimateRewinds="0" EstimatedExecutionMode="Row"><OutputList><ColumnReference Database="[EFScenario]" Schema="[dbo]" Table="[MainEntity]" Alias="[m]" Column="Id"></ColumnReference><ColumnReference Database="[EFScenario]" Schema="[dbo]" Table="[MainEntity]" Alias="[m]" Column="Name"></ColumnReference></OutputList><RunTimeInformation><RunTimeCountersPerThread Thread="0" ActualRows="1887" Batches="0" ActualExecutionMode="Row" ActualElapsedms="1" ActualCPUms="1" ActualScans="1" ActualLogicalReads="14" ActualPhysicalReads="0" ActualReadAheads="0" ActualLobLogicalReads="0" ActualLobPhysicalReads="0" ActualLobReadAheads="0" ActualRowsRead="1887" ActualEndOfScans="1" ActualExecutions="1"></RunTimeCountersPerThread></RunTimeInformation><IndexScan Ordered="1" ScanDirection="FORWARD" ForcedIndex="0" ForceSeek="0" ForceScan="0" NoExpandHint="0" Storage="RowStore"><DefinedValues><DefinedValue><ColumnReference Database="[EFScenario]" Schema="[dbo]" Table="[MainEntity]" Alias="[m]" Column="Id"></ColumnReference></DefinedValue><DefinedValue><ColumnReference Database="[EFScenario]" Schema="[dbo]" Table="[MainEntity]" Alias="[m]" Column="Name"></ColumnReference></DefinedValue></DefinedValues><Object Database="[EFScenario]" Schema="[dbo]" Table="[MainEntity]" Index="[IX_MainEntity_StatusId]" Alias="[m]" IndexKind="NonClustered" Storage="RowStore"></Object><SeekPredicates><SeekPredicateNew><SeekKeys><Prefix ScanType="EQ"><RangeColumns><ColumnReference Database="[EFScenario]" Schema="[dbo]" Table="[MainEntity]" Alias="[m]" Column="StatusId"></ColumnReference></RangeColumns><RangeExpressions><ScalarOperator ScalarString="(1)"><Const ConstValue="(1)"></Const></ScalarOperator></RangeExpressions></Prefix></SeekKeys></SeekPredicateNew></SeekPredicates></IndexScan></RelOp><RelOp NodeId="2" PhysicalOp="Compute Scalar" LogicalOp="Compute Scalar" EstimateRows="1" EstimateIO="0" EstimateCPU="1e-07" AvgRowSize="26" EstimatedTotalSubtreeCost="27.1859" Parallel="0" EstimateRebinds="1886" EstimateRewinds="0" EstimatedExecutionMode="Row"><OutputList><ColumnReference Column="Expr1002"></ColumnReference><ColumnReference Column="Expr1003"></ColumnReference><ColumnReference Column="Expr1004"></ColumnReference><ColumnReference Column="Expr1005"></ColumnReference></OutputList><ComputeScalar><DefinedValues><DefinedValue><ColumnReference Column="Expr1005"></ColumnReference><ScalarOperator ScalarString="(1)"><Const ConstValue="(1)"></Const></ScalarOperator></DefinedValue></DefinedValues><RelOp NodeId="3" PhysicalOp="Top" LogicalOp="Top" EstimateRows="1" EstimateIO="0" EstimateCPU="1e-07" AvgRowSize="22" EstimatedTotalSubtreeCost="27.1857" Parallel="0" EstimateRebinds="1886" EstimateRewinds="0" EstimatedExecutionMode="Row"><OutputList><ColumnReference Column="Expr1002"></ColumnReference><ColumnReference Column="Expr1003"></ColumnReference><ColumnReference Column="Expr1004"></ColumnReference></OutputList><RunTimeInformation><RunTimeCountersPerThread Thread="0" ActualRows="1887" Batches="0" ActualExecutionMode="Row" ActualElapsedms="61" ActualCPUms="61" ActualEndOfScans="0" ActualExecutions="1887"></RunTimeCountersPerThread></RunTimeInformation><Top RowCount="0" IsPercent="0" WithTies="0"><TopExpression><ScalarOperator ScalarString="(1)"><Const ConstValue="(1)"></Const></ScalarOperator></TopExpression><RelOp NodeId="4" PhysicalOp="Sort" LogicalOp="TopN Sort" EstimateRows="1" EstimateRowsWithoutRowGoal="3.33333" EstimateIO="0.0112613" EstimateCPU="0.000109064" AvgRowSize="32" EstimatedTotalSubtreeCost="27.1853" Parallel="0" EstimateRebinds="1886" EstimateRewinds="0" EstimatedExecutionMode="Row"><OutputList><ColumnReference Database="[EFScenario]" Schema="[dbo]" Table="[RelatedEntity]" Alias="[r]" Column="DateCreated"></ColumnReference><ColumnReference Column="Expr1002"></ColumnReference><ColumnReference Column="Expr1003"></ColumnReference><ColumnReference Column="Expr1004"></ColumnReference></OutputList><MemoryFractions Input="1" Output="1"></MemoryFractions><RunTimeInformation><RunTimeCountersPerThread Thread="0" ActualRows="1887" Batches="0" ActualExecutionMode="Row" ActualElapsedms="60" ActualCPUms="60" ActualScans="0" ActualLogicalReads="0" ActualPhysicalReads="0" ActualReadAheads="0" ActualLobLogicalReads="0" ActualLobPhysicalReads="0" ActualLobReadAheads="0" ActualRebinds="1887" ActualRewinds="0" ActualEndOfScans="0" ActualExecutions="1887" InputMemoryGrant="1024" OutputMemoryGrant="1024" UsedMemoryGrant="16"></RunTimeCountersPerThread></RunTimeInformation><TopSort Distinct="0" Rows="1"><OrderBy><OrderByColumn Ascending="0"><ColumnReference Database="[EFScenario]" Schema="[dbo]" Table="[RelatedEntity]" Alias="[r]" Column="DateCreated"></ColumnReference></OrderByColumn></OrderBy><RelOp NodeId="5" PhysicalOp="Compute Scalar" LogicalOp="Compute Scalar" EstimateRows="3.33333" EstimateRowsWithoutRowGoal="3.33333" EstimateIO="0" EstimateCPU="3.33333e-07" AvgRowSize="32" EstimatedTotalSubtreeCost="5.72957" Parallel="0" EstimateRebinds="1886" EstimateRewinds="0" EstimatedExecutionMode="Row"><OutputList><ColumnReference Database="[EFScenario]" Schema="[dbo]" Table="[RelatedEntity]" Alias="[r]" Column="DateCreated"></ColumnReference><ColumnReference Column="Expr1002"></ColumnReference><ColumnReference Column="Expr1003"></ColumnReference><ColumnReference Column="Expr1004"></ColumnReference></OutputList><ComputeScalar><DefinedValues><DefinedValue><ColumnReference Column="Expr1002"></ColumnReference><ScalarOperator ScalarString="[EFScenario].[dbo].[RelatedEntity].[Id] as [r].[Id]"><Identifier><ColumnReference Database="[EFScenario]" Schema="[dbo]" Table="[RelatedEntity]" Alias="[r]" Column="Id"></ColumnReference></Identifier></ScalarOperator></DefinedValue><DefinedValue><ColumnReference Column="Expr1003"></ColumnReference><ScalarOperator ScalarString="[EFScenario].[dbo].[RelatedEntity].[DateCreated] as [r].[DateCreated]"><Identifier><ColumnReference Database="[EFScenario]" Schema="[dbo]" Table="[RelatedEntity]" Alias="[r]" Column="DateCreated"></ColumnReference></Identifier></ScalarOperator></DefinedValue><DefinedValue><ColumnReference Column="Expr1004"></ColumnReference><ScalarOperator ScalarString="[EFScenario].[dbo].[RelatedEntity].[IsComplete] as [r].[IsComplete]"><Identifier><ColumnReference Database="[EFScenario]" Schema="[dbo]" Table="[RelatedEntity]" Alias="[r]" Column="IsComplete"></ColumnReference></Identifier></ScalarOperator></DefinedValue></DefinedValues><RelOp NodeId="6" PhysicalOp="Index Seek" LogicalOp="Index Seek" EstimateRows="3.33333" EstimatedRowsRead="3.33333" EstimateIO="0.003125" EstimateCPU="0.000160667" AvgRowSize="22" EstimatedTotalSubtreeCost="5.72894" TableCardinality="2.5e+06" Parallel="0" EstimateRebinds="1886" EstimateRewinds="0" EstimatedExecutionMode="Row"><OutputList><ColumnReference Database="[EFScenario]" Schema="[dbo]" Table="[RelatedEntity]" Alias="[r]" Column="Id"></ColumnReference><ColumnReference Database="[EFScenario]" Schema="[dbo]" Table="[RelatedEntity]" Alias="[r]" Column="DateCreated"></ColumnReference><ColumnReference Database="[EFScenario]" Schema="[dbo]" Table="[RelatedEntity]" Alias="[r]" Column="IsComplete"></ColumnReference></OutputList><RunTimeInformation><RunTimeCountersPerThread Thread="0" ActualRows="7548" Batches="0" ActualExecutionMode="Row" ActualElapsedms="23" ActualCPUms="23" ActualScans="1887" ActualLogicalReads="5719" ActualPhysicalReads="0" ActualReadAheads="0" ActualLobLogicalReads="0" ActualLobPhysicalReads="0" ActualLobReadAheads="0" ActualRowsRead="7548" ActualEndOfScans="1887" ActualExecutions="1887"></RunTimeCountersPerThread></RunTimeInformation><IndexScan Ordered="1" ScanDirection="FORWARD" ForcedIndex="0" ForceSeek="0" ForceScan="0" NoExpandHint="0" Storage="RowStore"><DefinedValues><DefinedValue><ColumnReference Database="[EFScenario]" Schema="[dbo]" Table="[RelatedEntity]" Alias="[r]" Column="Id"></ColumnReference></DefinedValue><DefinedValue><ColumnReference Database="[EFScenario]" Schema="[dbo]" Table="[RelatedEntity]" Alias="[r]" Column="DateCreated"></ColumnReference></DefinedValue><DefinedValue><ColumnReference Database="[EFScenario]" Schema="[dbo]" Table="[RelatedEntity]" Alias="[r]" Column="IsComplete"></ColumnReference></DefinedValue></DefinedValues><Object Database="[EFScenario]" Schema="[dbo]" Table="[RelatedEntity]" Index="[IX_RelatedEntity_MainEntityId]" Alias="[r]" IndexKind="NonClustered" Storage="RowStore"></Object><SeekPredicates><SeekPredicateNew><SeekKeys><Prefix ScanType="EQ"><RangeColumns><ColumnReference Database="[EFScenario]" Schema="[dbo]" Table="[RelatedEntity]" Alias="[r]" Column="MainEntityId"></ColumnReference></RangeColumns><RangeExpressions><ScalarOperator ScalarString="[EFScenario].[dbo].[MainEntity].[Id] as [m].[Id]"><Identifier><ColumnReference Database="[EFScenario]" Schema="[dbo]" Table="[MainEntity]" Alias="[m]" Column="Id"></ColumnReference></Identifier></ScalarOperator></RangeExpressions></Prefix></SeekKeys></SeekPredicateNew></SeekPredicates></IndexScan></RelOp></ComputeScalar></RelOp></TopSort></RelOp></Top></RelOp></ComputeScalar></RelOp></NestedLoops></RelOp></QueryPlan></StmtSimple></Statements></Batch></BatchSequence></ShowPlanXML>