<ShowPlanXML xmlns="http://schemas.microsoft.com/sqlserver/2004/07/showplan" Version="1.539" Build="15.0.2095.3"><BatchSequence><Batch><Statements><StmtSimple StatementText="SELECT [m].[Id], [m].[Name], [t0].[Id], [t0].[DateCreated], [t0].[IsComplete], [t0].[c]&#xd;&#xa;FROM [dbo].[MainEntity] AS [m]&#xd;&#xa;LEFT JOIN (&#xd;&#xa;    SELECT [t].[Id], [t].[DateCreated], [t].[IsComplete], [t].[c], [t].[MainEntityId]&#xd;&#xa;    FROM (&#xd;&#xa;        SELECT [r].[Id], [r].[DateCreated], [r].[IsComplete], 1 AS [c], [r].[MainEntityId], ROW_NUMBER() OVER(PARTITION BY [r].[MainEntityId] ORDER BY [r].[DateCreated] DESC) AS [row]&#xd;&#xa;        FROM [dbo].[RelatedEntity] AS [r]&#xd;&#xa;    ) AS [t]&#xd;&#xa;    WHERE [t].[row] &lt;= 1&#xd;&#xa;) AS [t0] ON [m].[Id] = [t0].[MainEntityId]&#xd;&#xa;WHERE [m].[StatusId] = 1" StatementId="1" StatementCompId="1" StatementType="SELECT" RetrievedFromCache="true" StatementSubTreeCost="15.4669" StatementEstRows="2462.18" SecurityPolicyApplied="false" StatementOptmLevel="FULL" QueryHash="0x660AC00D280DB7CA" QueryPlanHash="0x1B4618B4C791A82A" CardinalityEstimationModelVersion="150" BatchModeOnRowStoreUsed="true"><StatementSetOptions QUOTED_IDENTIFIER="true" ARITHABORT="true" CONCAT_NULL_YIELDS_NULL="true" ANSI_NULLS="true" ANSI_PADDING="true" ANSI_WARNINGS="true" NUMERIC_ROUNDABORT="false"></StatementSetOptions><QueryPlan DegreeOfParallelism="8" MemoryGrant="224008" CachedPlanSize="80" CompileTime="7" CompileCPU="7" CompileMemory="584"><ThreadStat Branches="1" UsedThreads="8"><ThreadReservation NodeId="0" ReservedThreads="9"></ThreadReservation></ThreadStat><MemoryGrantInfo SerialRequiredMemory="1184" SerialDesiredMemory="215576" RequiredMemory="9608" DesiredMemory="224008" RequestedMemory="224008" GrantWaitTime="0" MaxQueryMemory="644040" GrantedMemory="224008" MaxUsedMemory="164608" LastRequestedMemory="0" IsMemoryGrantFeedbackAdjusted="No: First Execution"></MemoryGrantInfo><OptimizerHardwareDependentProperties EstimatedAvailableMemoryGrant="417009" EstimatedPagesCached="208504" EstimatedAvailableDegreeOfParallelism="4" MaxCompileMemory="2506520"></OptimizerHardwareDependentProperties><OptimizerStatsUsage><StatisticsInfo LastUpdate="2023-04-23T14:53:25.87" ModificationCount="0" SamplingPercent="100" Statistics="[IX_MainEntity_StatusId]" Table="[MainEntity]" Schema="[dbo]" Database="[EFScenario]"></StatisticsInfo><StatisticsInfo LastUpdate="2023-04-23T13:45:54.39" ModificationCount="0" SamplingPercent="10.0685" Statistics="[PK_RelatedEntity_Id]" Table="[RelatedEntity]" Schema="[dbo]" Database="[EFScenario]"></StatisticsInfo><StatisticsInfo LastUpdate="2023-04-23T13:40:14.82" ModificationCount="0" SamplingPercent="31.8233" Statistics="[IX_MainEntity_Name]" Table="[MainEntity]" Schema="[dbo]" Database="[EFScenario]"></StatisticsInfo><StatisticsInfo LastUpdate="2023-04-23T13:45:54.68" ModificationCount="0" SamplingPercent="10.5604" Statistics="[IX_RelatedEntity_DateCreated]" Table="[RelatedEntity]" Schema="[dbo]" Database="[EFScenario]"></StatisticsInfo><StatisticsInfo LastUpdate="2023-04-23T14:56:28.14" ModificationCount="0" SamplingPercent="100" Statistics="[IX_RelatedEntity_MainEntityId]" Table="[RelatedEntity]" Schema="[dbo]" Database="[EFScenario]"></StatisticsInfo><StatisticsInfo LastUpdate="2023-04-23T13:45:55.09" ModificationCount="0" SamplingPercent="10.5604" Statistics="[IX_RelatedEntity_IsComplete]" Table="[RelatedEntity]" Schema="[dbo]" Database="[EFScenario]"></StatisticsInfo><StatisticsInfo LastUpdate="2023-04-23T13:45:54.21" ModificationCount="0" SamplingPercent="10.5604" Statistics="[IX_RelatedEntity_Name]" Table="[RelatedEntity]" Schema="[dbo]" Database="[EFScenario]"></StatisticsInfo><StatisticsInfo LastUpdate="2023-04-23T13:40:14.47" ModificationCount="0" SamplingPercent="31.3245" Statistics="[PK_MainEntity_Id]" Table="[MainEntity]" Schema="[dbo]" Database="[EFScenario]"></StatisticsInfo></OptimizerStatsUsage><WaitStats><Wait WaitType="BPSORT" WaitTimeMs="422" WaitCount="210"></Wait><Wait WaitType="HTMEMO" WaitTimeMs="92" WaitCount="14"></Wait><Wait WaitType="RESERVED_MEMORY_ALLOCATION_EXT" WaitTimeMs="63" WaitCount="10023"></Wait><Wait WaitType="ASYNC_NETWORK_IO" WaitTimeMs="54" WaitCount="7"></Wait><Wait WaitType="SOS_SCHEDULER_YIELD" WaitTimeMs="37" WaitCount="600"></Wait><Wait WaitType="WINDOW_AGGREGATES_MULTIPASS" WaitTimeMs="30" WaitCount="2"></Wait><Wait WaitType="CXPACKET" WaitTimeMs="13" WaitCount="10"></Wait><Wait WaitType="EXECSYNC" WaitTimeMs="5" WaitCount="42"></Wait><Wait WaitType="MEMORY_ALLOCATION_EXT" WaitTimeMs="4" WaitCount="1389"></Wait><Wait WaitType="HTREPARTITION" WaitTimeMs="3" WaitCount="14"></Wait></WaitStats><QueryTimeStats ElapsedTime="587" CpuTime="3806"></QueryTimeStats><RelOp NodeId="0" PhysicalOp="Parallelism" LogicalOp="Gather Streams" EstimateRows="2462.18" EstimateIO="0" EstimateCPU="0.0375107" AvgRowSize="161" EstimatedTotalSubtreeCost="15.4669" Parallel="1" EstimateRebinds="0" EstimateRewinds="0" EstimatedExecutionMode="Row"><OutputList><ColumnReference Database="[EFScenario]" Schema="[dbo]" Table="[MainEntity]" Alias="[m]" Column="Id"></ColumnReference><ColumnReference Database="[EFScenario]" Schema="[dbo]" Table="[MainEntity]" Alias="[m]" Column="Name"></ColumnReference><ColumnReference Column="Expr1004"></ColumnReference><ColumnReference Column="Expr1005"></ColumnReference><ColumnReference Column="Expr1006"></ColumnReference><ColumnReference Column="Expr1007"></ColumnReference></OutputList><RunTimeInformation><RunTimeCountersPerThread Thread="0" ActualRows="1887" Batches="0" ActualExecutionMode="Row" ActualElapsedms="530" ActualCPUms="0" ActualEndOfScans="1" ActualExecutions="1"></RunTimeCountersPerThread></RunTimeInformation><Parallelism><RelOp NodeId="1" PhysicalOp="Hash Match" LogicalOp="Left Outer Join" EstimateRows="2462.18" EstimateIO="0" EstimateCPU="0.00535818" AvgRowSize="161" EstimatedTotalSubtreeCost="15.4294" Parallel="1" EstimateRebinds="0" EstimateRewinds="0" EstimatedExecutionMode="Batch"><OutputList><ColumnReference Database="[EFScenario]" Schema="[dbo]" Table="[MainEntity]" Alias="[m]" Column="Id"></ColumnReference><ColumnReference Database="[EFScenario]" Schema="[dbo]" Table="[MainEntity]" Alias="[m]" Column="Name"></ColumnReference><ColumnReference Column="Expr1004"></ColumnReference><ColumnReference Column="Expr1005"></ColumnReference><ColumnReference Column="Expr1006"></ColumnReference><ColumnReference Column="Expr1007"></ColumnReference></OutputList><MemoryFractions Input="1" Output="1"></MemoryFractions><RunTimeInformation><RunTimeCountersPerThread Thread="8" ActualRows="67" Batches="125" ActualExecutionMode="Batch" ActualElapsedms="16" ActualCPUms="1" ActualScans="0" ActualLogicalReads="0" ActualPhysicalReads="0" ActualReadAheads="0" ActualLobLogicalReads="0" ActualLobPhysicalReads="0" ActualLobReadAheads="0" ActualEndOfScans="0" ActualExecutions="1"></RunTimeCountersPerThread><RunTimeCountersPerThread Thread="7" ActualRows="348" Batches="527" ActualExecutionMode="Batch" ActualElapsedms="17" ActualCPUms="1" ActualScans="0" ActualLogicalReads="0" ActualPhysicalReads="0" ActualReadAheads="0" ActualLobLogicalReads="0" ActualLobPhysicalReads="0" ActualLobReadAheads="0" ActualEndOfScans="0" ActualExecutions="1"></RunTimeCountersPerThread><RunTimeCountersPerThread Thread="6" ActualRows="226" Batches="355" ActualExecutionMode="Batch" ActualElapsedms="16" ActualCPUms="1" ActualScans="0" ActualLogicalReads="0" ActualPhysicalReads="0" ActualReadAheads="0" ActualLobLogicalReads="0" ActualLobPhysicalReads="0" ActualLobReadAheads="0" ActualEndOfScans="0" ActualExecutions="1"></RunTimeCountersPerThread><RunTimeCountersPerThread Thread="5" ActualRows="340" Batches="506" ActualExecutionMode="Batch" ActualElapsedms="17" ActualCPUms="1" ActualScans="0" ActualLogicalReads="0" ActualPhysicalReads="0" ActualReadAheads="0" ActualLobLogicalReads="0" ActualLobPhysicalReads="0" ActualLobReadAheads="0" ActualEndOfScans="0" ActualExecutions="1"></RunTimeCountersPerThread><RunTimeCountersPerThread Thread="4" ActualRows="240" Batches="341" ActualExecutionMode="Batch" ActualElapsedms="16" ActualCPUms="1" ActualScans="0" ActualLogicalReads="0" ActualPhysicalReads="0" ActualReadAheads="0" ActualLobLogicalReads="0" ActualLobPhysicalReads="0" ActualLobReadAheads="0" ActualEndOfScans="0" ActualExecutions="1"></RunTimeCountersPerThread><RunTimeCountersPerThread Thread="3" ActualRows="270" Batches="398" ActualExecutionMode="Batch" ActualElapsedms="17" ActualCPUms="2" ActualScans="0" ActualLogicalReads="0" ActualPhysicalReads="0" ActualReadAheads="0" ActualLobLogicalReads="0" ActualLobPhysicalReads="0" ActualLobReadAheads="0" ActualEndOfScans="0" ActualExecutions="1"></RunTimeCountersPerThread><RunTimeCountersPerThread Thread="2" ActualRows="128" Batches="169" ActualExecutionMode="Batch" ActualElapsedms="2" ActualCPUms="0" ActualScans="0" ActualLogicalReads="0" ActualPhysicalReads="0" ActualReadAheads="0" ActualLobLogicalReads="0" ActualLobPhysicalReads="0" ActualLobReadAheads="0" ActualEndOfScans="0" ActualExecutions="1"></RunTimeCountersPerThread><RunTimeCountersPerThread Thread="1" ActualRows="268" Batches="357" ActualExecutionMode="Batch" ActualElapsedms="16" ActualCPUms="3" ActualScans="0" ActualLogicalReads="0" ActualPhysicalReads="0" ActualReadAheads="0" ActualLobLogicalReads="0" ActualLobPhysicalReads="0" ActualLobReadAheads="0" ActualEndOfScans="0" ActualExecutions="1"></RunTimeCountersPerThread><RunTimeCountersPerThread Thread="0" ActualRows="0" Batches="0" ActualExecutionMode="Row" ActualElapsedms="0" ActualCPUms="0" ActualEndOfScans="0" ActualExecutions="0"></RunTimeCountersPerThread></RunTimeInformation><Hash BitmapCreator="1"><DefinedValues><DefinedValue><ColumnReference Column="Opt_Bitmap1010"></ColumnReference></DefinedValue></DefinedValues><HashKeysBuild><ColumnReference Database="[EFScenario]" Schema="[dbo]" Table="[MainEntity]" Alias="[m]" Column="Id"></ColumnReference></HashKeysBuild><HashKeysProbe><ColumnReference Database="[EFScenario]" Schema="[dbo]" Table="[RelatedEntity]" Alias="[r]" Column="MainEntityId"></ColumnReference></HashKeysProbe><RelOp NodeId="2" PhysicalOp="Index Seek" LogicalOp="Index Seek" EstimateRows="1887" EstimatedRowsRead="1887" EstimateIO="0.00849348" EstimateCPU="0.000558175" AvgRowSize="142" EstimatedTotalSubtreeCost="0.00905166" TableCardinality="750000" Parallel="1" EstimateRebinds="0" EstimateRewinds="0" EstimatedExecutionMode="Batch"><OutputList><ColumnReference Database="[EFScenario]" Schema="[dbo]" Table="[MainEntity]" Alias="[m]" Column="Id"></ColumnReference><ColumnReference Database="[EFScenario]" Schema="[dbo]" Table="[MainEntity]" Alias="[m]" Column="Name"></ColumnReference></OutputList><RunTimeInformation><RunTimeCountersPerThread Thread="8" ActualRows="0" Batches="0" ActualExecutionMode="Batch" ActualElapsedms="0" ActualCPUms="0" ActualScans="0" ActualLogicalReads="0" ActualPhysicalReads="0" ActualReadAheads="0" ActualLobLogicalReads="0" ActualLobPhysicalReads="0" ActualLobReadAheads="0" ActualEndOfScans="0" ActualExecutions="1"></RunTimeCountersPerThread><RunTimeCountersPerThread Thread="7" ActualRows="0" Batches="0" ActualExecutionMode="Batch" ActualElapsedms="0" ActualCPUms="0" ActualScans="0" ActualLogicalReads="0" ActualPhysicalReads="0" ActualReadAheads="0" ActualLobLogicalReads="0" ActualLobPhysicalReads="0" ActualLobReadAheads="0" ActualEndOfScans="0" ActualExecutions="1"></RunTimeCountersPerThread><RunTimeCountersPerThread Thread="6" ActualRows="0" Batches="0" ActualExecutionMode="Batch" ActualElapsedms="0" ActualCPUms="0" ActualScans="0" ActualLogicalReads="0" ActualPhysicalReads="0" ActualReadAheads="0" ActualLobLogicalReads="0" ActualLobPhysicalReads="0" ActualLobReadAheads="0" ActualEndOfScans="0" ActualExecutions="1"></RunTimeCountersPerThread><RunTimeCountersPerThread Thread="5" ActualRows="0" Batches="0" ActualExecutionMode="Batch" ActualElapsedms="0" ActualCPUms="0" ActualScans="0" ActualLogicalReads="0" ActualPhysicalReads="0" ActualReadAheads="0" ActualLobLogicalReads="0" ActualLobPhysicalReads="0" ActualLobReadAheads="0" ActualEndOfScans="0" ActualExecutions="1"></RunTimeCountersPerThread><RunTimeCountersPerThread Thread="4" ActualRows="0" Batches="0" ActualExecutionMode="Batch" ActualElapsedms="0" ActualCPUms="0" ActualScans="0" ActualLogicalReads="0" ActualPhysicalReads="0" ActualReadAheads="0" ActualLobLogicalReads="0" ActualLobPhysicalReads="0" ActualLobReadAheads="0" ActualEndOfScans="0" ActualExecutions="1"></RunTimeCountersPerThread><RunTimeCountersPerThread Thread="3" ActualRows="0" Batches="0" ActualExecutionMode="Batch" ActualElapsedms="0" ActualCPUms="0" ActualScans="1" ActualLogicalReads="0" ActualPhysicalReads="0" ActualReadAheads="0" ActualLobLogicalReads="0" ActualLobPhysicalReads="0" ActualLobReadAheads="0" ActualEndOfScans="0" ActualExecutions="1"></RunTimeCountersPerThread><RunTimeCountersPerThread Thread="2" ActualRows="0" Batches="0" ActualExecutionMode="Batch" ActualElapsedms="0" ActualCPUms="0" ActualScans="1" ActualLogicalReads="0" ActualPhysicalReads="0" ActualReadAheads="0" ActualLobLogicalReads="0" ActualLobPhysicalReads="0" ActualLobReadAheads="0" ActualEndOfScans="0" ActualExecutions="1"></RunTimeCountersPerThread><RunTimeCountersPerThread Thread="1" ActualRows="1887" Batches="3" ActualExecutionMode="Batch" ActualElapsedms="0" ActualCPUms="0" ActualScans="1" ActualLogicalReads="12" ActualPhysicalReads="0" ActualReadAheads="0" ActualLobLogicalReads="0" ActualLobPhysicalReads="0" ActualLobReadAheads="0" ActualRowsRead="1887" ActualEndOfScans="0" ActualExecutions="1"></RunTimeCountersPerThread><RunTimeCountersPerThread Thread="0" ActualRows="0" Batches="0" ActualExecutionMode="Row" ActualElapsedms="0" ActualCPUms="0" ActualEndOfScans="0" ActualExecutions="0"></RunTimeCountersPerThread></RunTimeInformation><IndexScan Ordered="1" ScanDirection="FORWARD" ForcedIndex="0" ForceSeek="0" ForceScan="0" NoExpandHint="0" Storage="RowStore"><DefinedValues><DefinedValue><ColumnReference Database="[EFScenario]" Schema="[dbo]" Table="[MainEntity]" Alias="[m]" Column="Id"></ColumnReference></DefinedValue><DefinedValue><ColumnReference Database="[EFScenario]" Schema="[dbo]" Table="[MainEntity]" Alias="[m]" Column="Name"></ColumnReference></DefinedValue></DefinedValues><Object Database="[EFScenario]" Schema="[dbo]" Table="[MainEntity]" Index="[IX_MainEntity_StatusId]" Alias="[m]" IndexKind="NonClustered" Storage="RowStore"></Object><SeekPredicates><SeekPredicateNew><SeekKeys><Prefix ScanType="EQ"><RangeColumns><ColumnReference Database="[EFScenario]" Schema="[dbo]" Table="[MainEntity]" Alias="[m]" Column="StatusId"></ColumnReference></RangeColumns><RangeExpressions><ScalarOperator ScalarString="(1)"><Const ConstValue="(1)"></Const></ScalarOperator></RangeExpressions></Prefix></SeekKeys></SeekPredicateNew></SeekPredicates></IndexScan></RelOp><RelOp NodeId="3" PhysicalOp="Compute Scalar" LogicalOp="Compute Scalar" EstimateRows="750" EstimateIO="0" EstimateCPU="1.875e-06" AvgRowSize="30" EstimatedTotalSubtreeCost="15.415" Parallel="1" EstimateRebinds="0" EstimateRewinds="0" EstimatedExecutionMode="Batch"><OutputList><ColumnReference Database="[EFScenario]" Schema="[dbo]" Table="[RelatedEntity]" Alias="[r]" Column="MainEntityId"></ColumnReference><ColumnReference Column="Expr1004"></ColumnReference><ColumnReference Column="Expr1005"></ColumnReference><ColumnReference Column="Expr1006"></ColumnReference><ColumnReference Column="Expr1007"></ColumnReference></OutputList><RunTimeInformation><RunTimeCountersPerThread Thread="8" ActualRows="67" Batches="125" ActualExecutionMode="Batch" ActualElapsedms="0" ActualCPUms="0" ActualScans="0" ActualLogicalReads="0" ActualPhysicalReads="0" ActualReadAheads="0" ActualLobLogicalReads="0" ActualLobPhysicalReads="0" ActualLobReadAheads="0" ActualEndOfScans="0" ActualExecutions="1"></RunTimeCountersPerThread><RunTimeCountersPerThread Thread="7" ActualRows="348" Batches="527" ActualExecutionMode="Batch" ActualElapsedms="0" ActualCPUms="0" ActualScans="0" ActualLogicalReads="0" ActualPhysicalReads="0" ActualReadAheads="0" ActualLobLogicalReads="0" ActualLobPhysicalReads="0" ActualLobReadAheads="0" ActualEndOfScans="0" ActualExecutions="1"></RunTimeCountersPerThread><RunTimeCountersPerThread Thread="6" ActualRows="226" Batches="355" ActualExecutionMode="Batch" ActualElapsedms="0" ActualCPUms="0" ActualScans="0" ActualLogicalReads="0" ActualPhysicalReads="0" ActualReadAheads="0" ActualLobLogicalReads="0" ActualLobPhysicalReads="0" ActualLobReadAheads="0" ActualEndOfScans="0" ActualExecutions="1"></RunTimeCountersPerThread><RunTimeCountersPerThread Thread="5" ActualRows="340" Batches="506" ActualExecutionMode="Batch" ActualElapsedms="0" ActualCPUms="0" ActualScans="0" ActualLogicalReads="0" ActualPhysicalReads="0" ActualReadAheads="0" ActualLobLogicalReads="0" ActualLobPhysicalReads="0" ActualLobReadAheads="0" ActualEndOfScans="0" ActualExecutions="1"></RunTimeCountersPerThread><RunTimeCountersPerThread Thread="4" ActualRows="240" Batches="341" ActualExecutionMode="Batch" ActualElapsedms="0" ActualCPUms="0" ActualScans="0" ActualLogicalReads="0" ActualPhysicalReads="0" ActualReadAheads="0" ActualLobLogicalReads="0" ActualLobPhysicalReads="0" ActualLobReadAheads="0" ActualEndOfScans="0" ActualExecutions="1"></RunTimeCountersPerThread><RunTimeCountersPerThread Thread="3" ActualRows="270" Batches="398" ActualExecutionMode="Batch" ActualElapsedms="0" ActualCPUms="0" ActualScans="0" ActualLogicalReads="0" ActualPhysicalReads="0" ActualReadAheads="0" ActualLobLogicalReads="0" ActualLobPhysicalReads="0" ActualLobReadAheads="0" ActualEndOfScans="0" ActualExecutions="1"></RunTimeCountersPerThread><RunTimeCountersPerThread Thread="2" ActualRows="128" Batches="169" ActualExecutionMode="Batch" ActualElapsedms="0" ActualCPUms="0" ActualScans="0" ActualLogicalReads="0" ActualPhysicalReads="0" ActualReadAheads="0" ActualLobLogicalReads="0" ActualLobPhysicalReads="0" ActualLobReadAheads="0" ActualEndOfScans="0" ActualExecutions="1"></RunTimeCountersPerThread><RunTimeCountersPerThread Thread="1" ActualRows="268" Batches="357" ActualExecutionMode="Batch" ActualElapsedms="0" ActualCPUms="0" ActualScans="0" ActualLogicalReads="0" ActualPhysicalReads="0" ActualReadAheads="0" ActualLobLogicalReads="0" ActualLobPhysicalReads="0" ActualLobReadAheads="0" ActualEndOfScans="0" ActualExecutions="1"></RunTimeCountersPerThread><RunTimeCountersPerThread Thread="0" ActualRows="0" Batches="0" ActualExecutionMode="Row" ActualElapsedms="0" ActualCPUms="0" ActualEndOfScans="0" ActualExecutions="0"></RunTimeCountersPerThread></RunTimeInformation><ComputeScalar><DefinedValues><DefinedValue><ColumnReference Column="Expr1007"></ColumnReference><ScalarOperator ScalarString="(1)"><Const ConstValue="(1)"></Const></ScalarOperator></DefinedValue></DefinedValues><RelOp NodeId="4" PhysicalOp="Filter" LogicalOp="Filter" EstimateRows="750" EstimateIO="0" EstimateCPU="0.3" AvgRowSize="26" EstimatedTotalSubtreeCost="15.415" Parallel="1" EstimateRebinds="0" EstimateRewinds="0" EstimatedExecutionMode="Batch"><OutputList><ColumnReference Database="[EFScenario]" Schema="[dbo]" Table="[RelatedEntity]" Alias="[r]" Column="MainEntityId"></ColumnReference><ColumnReference Column="Expr1004"></ColumnReference><ColumnReference Column="Expr1005"></ColumnReference><ColumnReference Column="Expr1006"></ColumnReference></OutputList><RunTimeInformation><RunTimeCountersPerThread Thread="8" ActualRows="67" Batches="125" ActualExecutionMode="Batch" ActualElapsedms="1" ActualCPUms="1" ActualScans="0" ActualLogicalReads="0" ActualPhysicalReads="0" ActualReadAheads="0" ActualLobLogicalReads="0" ActualLobPhysicalReads="0" ActualLobReadAheads="0" ActualEndOfScans="0" ActualExecutions="1"></RunTimeCountersPerThread><RunTimeCountersPerThread Thread="7" ActualRows="348" Batches="527" ActualExecutionMode="Batch" ActualElapsedms="3" ActualCPUms="3" ActualScans="0" ActualLogicalReads="0" ActualPhysicalReads="0" ActualReadAheads="0" ActualLobLogicalReads="0" ActualLobPhysicalReads="0" ActualLobReadAheads="0" ActualEndOfScans="0" ActualExecutions="1"></RunTimeCountersPerThread><RunTimeCountersPerThread Thread="6" ActualRows="226" Batches="355" ActualExecutionMode="Batch" ActualElapsedms="2" ActualCPUms="2" ActualScans="0" ActualLogicalReads="0" ActualPhysicalReads="0" ActualReadAheads="0" ActualLobLogicalReads="0" ActualLobPhysicalReads="0" ActualLobReadAheads="0" ActualEndOfScans="0" ActualExecutions="1"></RunTimeCountersPerThread><RunTimeCountersPerThread Thread="5" ActualRows="340" Batches="506" ActualExecutionMode="Batch" ActualElapsedms="3" ActualCPUms="2" ActualScans="0" ActualLogicalReads="0" ActualPhysicalReads="0" ActualReadAheads="0" ActualLobLogicalReads="0" ActualLobPhysicalReads="0" ActualLobReadAheads="0" ActualEndOfScans="0" ActualExecutions="1"></RunTimeCountersPerThread><RunTimeCountersPerThread Thread="4" ActualRows="240" Batches="341" ActualExecutionMode="Batch" ActualElapsedms="3" ActualCPUms="3" ActualScans="0" ActualLogicalReads="0" ActualPhysicalReads="0" ActualReadAheads="0" ActualLobLogicalReads="0" ActualLobPhysicalReads="0" ActualLobReadAheads="0" ActualEndOfScans="0" ActualExecutions="1"></RunTimeCountersPerThread><RunTimeCountersPerThread Thread="3" ActualRows="270" Batches="398" ActualExecutionMode="Batch" ActualElapsedms="8" ActualCPUms="8" ActualScans="0" ActualLogicalReads="0" ActualPhysicalReads="0" ActualReadAheads="0" ActualLobLogicalReads="0" ActualLobPhysicalReads="0" ActualLobReadAheads="0" ActualEndOfScans="0" ActualExecutions="1"></RunTimeCountersPerThread><RunTimeCountersPerThread Thread="2" ActualRows="128" Batches="169" ActualExecutionMode="Batch" ActualElapsedms="1" ActualCPUms="0" ActualScans="0" ActualLogicalReads="0" ActualPhysicalReads="0" ActualReadAheads="0" ActualLobLogicalReads="0" ActualLobPhysicalReads="0" ActualLobReadAheads="0" ActualEndOfScans="0" ActualExecutions="1"></RunTimeCountersPerThread><RunTimeCountersPerThread Thread="1" ActualRows="268" Batches="357" ActualExecutionMode="Batch" ActualElapsedms="3" ActualCPUms="3" ActualScans="0" ActualLogicalReads="0" ActualPhysicalReads="0" ActualReadAheads="0" ActualLobLogicalReads="0" ActualLobPhysicalReads="0" ActualLobReadAheads="0" ActualEndOfScans="0" ActualExecutions="1"></RunTimeCountersPerThread><RunTimeCountersPerThread Thread="0" ActualRows="0" Batches="0" ActualExecutionMode="Row" ActualElapsedms="0" ActualCPUms="0" ActualEndOfScans="0" ActualExecutions="0"></RunTimeCountersPerThread></RunTimeInformation><Filter StartupExpression="0"><RelOp NodeId="5" PhysicalOp="Compute Scalar" LogicalOp="Compute Scalar" EstimateRows="2500" EstimateIO="0" EstimateCPU="6.25e-06" AvgRowSize="34" EstimatedTotalSubtreeCost="15.115" Parallel="1" EstimateRebinds="0" EstimateRewinds="0" EstimatedExecutionMode="Batch"><OutputList><ColumnReference Database="[EFScenario]" Schema="[dbo]" Table="[RelatedEntity]" Alias="[r]" Column="MainEntityId"></ColumnReference><ColumnReference Column="Expr1002"></ColumnReference><ColumnReference Column="Expr1004"></ColumnReference><ColumnReference Column="Expr1005"></ColumnReference><ColumnReference Column="Expr1006"></ColumnReference></OutputList><RunTimeInformation><RunTimeCountersPerThread Thread="8" ActualRows="112500" Batches="125" ActualExecutionMode="Batch" ActualElapsedms="0" ActualCPUms="0" ActualScans="0" ActualLogicalReads="0" ActualPhysicalReads="0" ActualReadAheads="0" ActualLobLogicalReads="0" ActualLobPhysicalReads="0" ActualLobReadAheads="0" ActualEndOfScans="0" ActualExecutions="1"></RunTimeCountersPerThread><RunTimeCountersPerThread Thread="7" ActualRows="474300" Batches="527" ActualExecutionMode="Batch" ActualElapsedms="1" ActualCPUms="1" ActualScans="0" ActualLogicalReads="0" ActualPhysicalReads="0" ActualReadAheads="0" ActualLobLogicalReads="0" ActualLobPhysicalReads="0" ActualLobReadAheads="0" ActualEndOfScans="0" ActualExecutions="1"></RunTimeCountersPerThread><RunTimeCountersPerThread Thread="6" ActualRows="319500" Batches="355" ActualExecutionMode="Batch" ActualElapsedms="2" ActualCPUms="2" ActualScans="0" ActualLogicalReads="0" ActualPhysicalReads="0" ActualReadAheads="0" ActualLobLogicalReads="0" ActualLobPhysicalReads="0" ActualLobReadAheads="0" ActualEndOfScans="0" ActualExecutions="1"></RunTimeCountersPerThread><RunTimeCountersPerThread Thread="5" ActualRows="455400" Batches="506" ActualExecutionMode="Batch" ActualElapsedms="1" ActualCPUms="1" ActualScans="0" ActualLogicalReads="0" ActualPhysicalReads="0" ActualReadAheads="0" ActualLobLogicalReads="0" ActualLobPhysicalReads="0" ActualLobReadAheads="0" ActualEndOfScans="0" ActualExecutions="1"></RunTimeCountersPerThread><RunTimeCountersPerThread Thread="4" ActualRows="306700" Batches="341" ActualExecutionMode="Batch" ActualElapsedms="1" ActualCPUms="1" ActualScans="0" ActualLogicalReads="0" ActualPhysicalReads="0" ActualReadAheads="0" ActualLobLogicalReads="0" ActualLobPhysicalReads="0" ActualLobReadAheads="0" ActualEndOfScans="0" ActualExecutions="1"></RunTimeCountersPerThread><RunTimeCountersPerThread Thread="3" ActualRows="358200" Batches="398" ActualExecutionMode="Batch" ActualElapsedms="2" ActualCPUms="2" ActualScans="0" ActualLogicalReads="0" ActualPhysicalReads="0" ActualReadAheads="0" ActualLobLogicalReads="0" ActualLobPhysicalReads="0" ActualLobReadAheads="0" ActualEndOfScans="0" ActualExecutions="1"></RunTimeCountersPerThread><RunTimeCountersPerThread Thread="2" ActualRows="152100" Batches="169" ActualExecutionMode="Batch" ActualElapsedms="0" ActualCPUms="0" ActualScans="0" ActualLogicalReads="0" ActualPhysicalReads="0" ActualReadAheads="0" ActualLobLogicalReads="0" ActualLobPhysicalReads="0" ActualLobReadAheads="0" ActualEndOfScans="0" ActualExecutions="1"></RunTimeCountersPerThread><RunTimeCountersPerThread Thread="1" ActualRows="321300" Batches="357" ActualExecutionMode="Batch" ActualElapsedms="1" ActualCPUms="1" ActualScans="0" ActualLogicalReads="0" ActualPhysicalReads="0" ActualReadAheads="0" ActualLobLogicalReads="0" ActualLobPhysicalReads="0" ActualLobReadAheads="0" ActualEndOfScans="0" ActualExecutions="1"></RunTimeCountersPerThread><RunTimeCountersPerThread Thread="0" ActualRows="0" Batches="0" ActualExecutionMode="Row" ActualElapsedms="0" ActualCPUms="0" ActualEndOfScans="0" ActualExecutions="0"></RunTimeCountersPerThread></RunTimeInformation><ComputeScalar><DefinedValues><DefinedValue><ColumnReference Column="Expr1004"></ColumnReference><ScalarOperator ScalarString="[EFScenario].[dbo].[RelatedEntity].[Id] as [r].[Id]"><Identifier><ColumnReference Database="[EFScenario]" Schema="[dbo]" Table="[RelatedEntity]" Alias="[r]" Column="Id"></ColumnReference></Identifier></ScalarOperator></DefinedValue><DefinedValue><ColumnReference Column="Expr1005"></ColumnReference><ScalarOperator ScalarString="[EFScenario].[dbo].[RelatedEntity].[DateCreated] as [r].[DateCreated]"><Identifier><ColumnReference Database="[EFScenario]" Schema="[dbo]" Table="[RelatedEntity]" Alias="[r]" Column="DateCreated"></ColumnReference></Identifier></ScalarOperator></DefinedValue><DefinedValue><ColumnReference Column="Expr1006"></ColumnReference><ScalarOperator ScalarString="[EFScenario].[dbo].[RelatedEntity].[IsComplete] as [r].[IsComplete]"><Identifier><ColumnReference Database="[EFScenario]" Schema="[dbo]" Table="[RelatedEntity]" Alias="[r]" Column="IsComplete"></ColumnReference></Identifier></ScalarOperator></DefinedValue></DefinedValues><RelOp NodeId="6" PhysicalOp="Window Aggregate" LogicalOp="Window Aggregate" EstimateRows="2500" EstimateIO="0" EstimateCPU="0.00625" AvgRowSize="34" EstimatedTotalSubtreeCost="15.115" Parallel="1" EstimateRebinds="0" EstimateRewinds="0" EstimatedExecutionMode="Batch"><OutputList><ColumnReference Database="[EFScenario]" Schema="[dbo]" Table="[RelatedEntity]" Alias="[r]" Column="Id"></ColumnReference><ColumnReference Database="[EFScenario]" Schema="[dbo]" Table="[RelatedEntity]" Alias="[r]" Column="MainEntityId"></ColumnReference><ColumnReference Database="[EFScenario]" Schema="[dbo]" Table="[RelatedEntity]" Alias="[r]" Column="DateCreated"></ColumnReference><ColumnReference Database="[EFScenario]" Schema="[dbo]" Table="[RelatedEntity]" Alias="[r]" Column="IsComplete"></ColumnReference><ColumnReference Column="Expr1002"></ColumnReference></OutputList><RunTimeInformation><RunTimeCountersPerThread Thread="8" ActualRows="112500" Batches="125" ActualExecutionMode="Batch" ActualElapsedms="47" ActualCPUms="47" ActualScans="0" ActualLogicalReads="0" ActualPhysicalReads="0" ActualReadAheads="0" ActualLobLogicalReads="0" ActualLobPhysicalReads="0" ActualLobReadAheads="0" ActualEndOfScans="0" ActualExecutions="1"></RunTimeCountersPerThread><RunTimeCountersPerThread Thread="7" ActualRows="474300" Batches="527" ActualExecutionMode="Batch" ActualElapsedms="34" ActualCPUms="34" ActualScans="0" ActualLogicalReads="0" ActualPhysicalReads="0" ActualReadAheads="0" ActualLobLogicalReads="0" ActualLobPhysicalReads="0" ActualLobReadAheads="0" ActualEndOfScans="0" ActualExecutions="1"></RunTimeCountersPerThread><RunTimeCountersPerThread Thread="6" ActualRows="319500" Batches="355" ActualExecutionMode="Batch" ActualElapsedms="39" ActualCPUms="38" ActualScans="0" ActualLogicalReads="0" ActualPhysicalReads="0" ActualReadAheads="0" ActualLobLogicalReads="0" ActualLobPhysicalReads="0" ActualLobReadAheads="0" ActualEndOfScans="0" ActualExecutions="1"></RunTimeCountersPerThread><RunTimeCountersPerThread Thread="5" ActualRows="455400" Batches="506" ActualExecutionMode="Batch" ActualElapsedms="35" ActualCPUms="35" ActualScans="0" ActualLogicalReads="0" ActualPhysicalReads="0" ActualReadAheads="0" ActualLobLogicalReads="0" ActualLobPhysicalReads="0" ActualLobReadAheads="0" ActualEndOfScans="0" ActualExecutions="1"></RunTimeCountersPerThread><RunTimeCountersPerThread Thread="4" ActualRows="306700" Batches="341" ActualExecutionMode="Batch" ActualElapsedms="44" ActualCPUms="28" ActualScans="0" ActualLogicalReads="0" ActualPhysicalReads="0" ActualReadAheads="0" ActualLobLogicalReads="0" ActualLobPhysicalReads="0" ActualLobReadAheads="0" ActualEndOfScans="0" ActualExecutions="1"></RunTimeCountersPerThread><RunTimeCountersPerThread Thread="3" ActualRows="358200" Batches="398" ActualExecutionMode="Batch" ActualElapsedms="21" ActualCPUms="21" ActualScans="0" ActualLogicalReads="0" ActualPhysicalReads="0" ActualReadAheads="0" ActualLobLogicalReads="0" ActualLobPhysicalReads="0" ActualLobReadAheads="0" ActualEndOfScans="0" ActualExecutions="1"></RunTimeCountersPerThread><RunTimeCountersPerThread Thread="2" ActualRows="152100" Batches="169" ActualExecutionMode="Batch" ActualElapsedms="44" ActualCPUms="30" ActualScans="0" ActualLogicalReads="0" ActualPhysicalReads="0" ActualReadAheads="0" ActualLobLogicalReads="0" ActualLobPhysicalReads="0" ActualLobReadAheads="0" ActualEndOfScans="0" ActualExecutions="1"></RunTimeCountersPerThread><RunTimeCountersPerThread Thread="1" ActualRows="321300" Batches="357" ActualExecutionMode="Batch" ActualElapsedms="29" ActualCPUms="28" ActualScans="0" ActualLogicalReads="0" ActualPhysicalReads="0" ActualReadAheads="0" ActualLobLogicalReads="0" ActualLobPhysicalReads="0" ActualLobReadAheads="0" ActualEndOfScans="0" ActualExecutions="1"></RunTimeCountersPerThread><RunTimeCountersPerThread Thread="0" ActualRows="0" Batches="0" ActualExecutionMode="Row" ActualElapsedms="0" ActualCPUms="0" ActualEndOfScans="0" ActualExecutions="0"></RunTimeCountersPerThread></RunTimeInformation><WindowAggregate><DefinedValues><DefinedValue><ColumnReference Column="Expr1002"></ColumnReference><ScalarOperator ScalarString="row_number"><Sequence FunctionName="row_number"></Sequence></ScalarOperator></DefinedValue></DefinedValues><RelOp NodeId="7" PhysicalOp="Sort" LogicalOp="Sort" EstimateRows="2.5e+06" EstimateIO="0.000938438" EstimateCPU="6.09712" AvgRowSize="26" EstimatedTotalSubtreeCost="15.1087" Parallel="1" EstimateRebinds="0" EstimateRewinds="0" EstimatedExecutionMode="Batch"><OutputList><ColumnReference Database="[EFScenario]" Schema="[dbo]" Table="[RelatedEntity]" Alias="[r]" Column="Id"></ColumnReference><ColumnReference Database="[EFScenario]" Schema="[dbo]" Table="[RelatedEntity]" Alias="[r]" Column="MainEntityId"></ColumnReference><ColumnReference Database="[EFScenario]" Schema="[dbo]" Table="[RelatedEntity]" Alias="[r]" Column="DateCreated"></ColumnReference><ColumnReference Database="[EFScenario]" Schema="[dbo]" Table="[RelatedEntity]" Alias="[r]" Column="IsComplete"></ColumnReference></OutputList><MemoryFractions Input="0.995634" Output="0.995634"></MemoryFractions><RunTimeInformation><RunTimeCountersPerThread Thread="8" ActualRows="112500" Batches="125" ActualExecutionMode="Batch" ActualElapsedms="324" ActualCPUms="231" ActualScans="0" ActualLogicalReads="0" ActualPhysicalReads="0" ActualReadAheads="0" ActualLobLogicalReads="0" ActualLobPhysicalReads="0" ActualLobReadAheads="0" ActualEndOfScans="0" ActualExecutions="1"></RunTimeCountersPerThread><RunTimeCountersPerThread Thread="7" ActualRows="474300" Batches="527" ActualExecutionMode="Batch" ActualElapsedms="321" ActualCPUms="195" ActualScans="0" ActualLogicalReads="0" ActualPhysicalReads="0" ActualReadAheads="0" ActualLobLogicalReads="0" ActualLobPhysicalReads="0" ActualLobReadAheads="0" ActualEndOfScans="0" ActualExecutions="1"></RunTimeCountersPerThread><RunTimeCountersPerThread Thread="6" ActualRows="319500" Batches="355" ActualExecutionMode="Batch" ActualElapsedms="308" ActualCPUms="297" ActualScans="0" ActualLogicalReads="0" ActualPhysicalReads="0" ActualReadAheads="0" ActualLobLogicalReads="0" ActualLobPhysicalReads="0" ActualLobReadAheads="0" ActualEndOfScans="0" ActualExecutions="1"></RunTimeCountersPerThread><RunTimeCountersPerThread Thread="5" ActualRows="455400" Batches="506" ActualExecutionMode="Batch" ActualElapsedms="322" ActualCPUms="250" ActualScans="0" ActualLogicalReads="0" ActualPhysicalReads="0" ActualReadAheads="0" ActualLobLogicalReads="0" ActualLobPhysicalReads="0" ActualLobReadAheads="0" ActualEndOfScans="0" ActualExecutions="1"></RunTimeCountersPerThread><RunTimeCountersPerThread Thread="4" ActualRows="306700" Batches="341" ActualExecutionMode="Batch" ActualElapsedms="344" ActualCPUms="261" ActualScans="0" ActualLogicalReads="0" ActualPhysicalReads="0" ActualReadAheads="0" ActualLobLogicalReads="0" ActualLobPhysicalReads="0" ActualLobReadAheads="0" ActualEndOfScans="0" ActualExecutions="1"></RunTimeCountersPerThread><RunTimeCountersPerThread Thread="3" ActualRows="358200" Batches="398" ActualExecutionMode="Batch" ActualElapsedms="334" ActualCPUms="287" ActualScans="0" ActualLogicalReads="0" ActualPhysicalReads="0" ActualReadAheads="0" ActualLobLogicalReads="0" ActualLobPhysicalReads="0" ActualLobReadAheads="0" ActualEndOfScans="0" ActualExecutions="1"></RunTimeCountersPerThread><RunTimeCountersPerThread Thread="2" ActualRows="152100" Batches="169" ActualExecutionMode="Batch" ActualElapsedms="330" ActualCPUms="295" ActualScans="0" ActualLogicalReads="0" ActualPhysicalReads="0" ActualReadAheads="0" ActualLobLogicalReads="0" ActualLobPhysicalReads="0" ActualLobReadAheads="0" ActualEndOfScans="0" ActualExecutions="1"></RunTimeCountersPerThread><RunTimeCountersPerThread Thread="1" ActualRows="321300" Batches="357" ActualExecutionMode="Batch" ActualElapsedms="333" ActualCPUms="304" ActualScans="0" ActualLogicalReads="0" ActualPhysicalReads="0" ActualReadAheads="0" ActualLobLogicalReads="0" ActualLobPhysicalReads="0" ActualLobReadAheads="0" ActualEndOfScans="0" ActualExecutions="1"></RunTimeCountersPerThread><RunTimeCountersPerThread Thread="0" ActualRows="0" Batches="0" ActualExecutionMode="Row" ActualElapsedms="0" ActualCPUms="0" ActualEndOfScans="0" ActualExecutions="0"></RunTimeCountersPerThread></RunTimeInformation><Sort Distinct="0"><OrderBy><OrderByColumn Ascending="1"><ColumnReference Database="[EFScenario]" Schema="[dbo]" Table="[RelatedEntity]" Alias="[r]" Column="MainEntityId"></ColumnReference></OrderByColumn><OrderByColumn Ascending="0"><ColumnReference Database="[EFScenario]" Schema="[dbo]" Table="[RelatedEntity]" Alias="[r]" Column="DateCreated"></ColumnReference></OrderByColumn></OrderBy><RelOp NodeId="8" PhysicalOp="Index Scan" LogicalOp="Index Scan" EstimateRows="2.5e+06" EstimatedRowsRead="2.5e+06" EstimateIO="8.32313" EstimateCPU="0.687539" AvgRowSize="26" EstimatedTotalSubtreeCost="9.01066" TableCardinality="2.5e+06" Parallel="1" EstimateRebinds="0" EstimateRewinds="0" EstimatedExecutionMode="Batch"><OutputList><ColumnReference Database="[EFScenario]" Schema="[dbo]" Table="[RelatedEntity]" Alias="[r]" Column="Id"></ColumnReference><ColumnReference Database="[EFScenario]" Schema="[dbo]" Table="[RelatedEntity]" Alias="[r]" Column="MainEntityId"></ColumnReference><ColumnReference Database="[EFScenario]" Schema="[dbo]" Table="[RelatedEntity]" Alias="[r]" Column="DateCreated"></ColumnReference><ColumnReference Database="[EFScenario]" Schema="[dbo]" Table="[RelatedEntity]" Alias="[r]" Column="IsComplete"></ColumnReference></OutputList><RunTimeInformation><RunTimeCountersPerThread Thread="8" ActualRows="301819" Batches="336" ActualExecutionMode="Batch" ActualElapsedms="137" ActualCPUms="137" ActualScans="1" ActualLogicalReads="1371" ActualPhysicalReads="0" ActualReadAheads="0" ActualLobLogicalReads="0" ActualLobPhysicalReads="0" ActualLobReadAheads="0" ActualRowsRead="301819" ActualEndOfScans="0" ActualExecutions="1"></RunTimeCountersPerThread><RunTimeCountersPerThread Thread="7" ActualRows="397314" Batches="442" ActualExecutionMode="Batch" ActualElapsedms="151" ActualCPUms="150" ActualScans="1" ActualLogicalReads="1809" ActualPhysicalReads="0" ActualReadAheads="0" ActualLobLogicalReads="0" ActualLobPhysicalReads="0" ActualLobReadAheads="0" ActualRowsRead="397314" ActualEndOfScans="0" ActualExecutions="1"></RunTimeCountersPerThread><RunTimeCountersPerThread Thread="6" ActualRows="317930" Batches="354" ActualExecutionMode="Batch" ActualElapsedms="168" ActualCPUms="168" ActualScans="1" ActualLogicalReads="1443" ActualPhysicalReads="0" ActualReadAheads="0" ActualLobLogicalReads="0" ActualLobPhysicalReads="0" ActualLobReadAheads="0" ActualRowsRead="317930" ActualEndOfScans="0" ActualExecutions="1"></RunTimeCountersPerThread><RunTimeCountersPerThread Thread="5" ActualRows="313810" Batches="349" ActualExecutionMode="Batch" ActualElapsedms="156" ActualCPUms="156" ActualScans="1" ActualLogicalReads="1425" ActualPhysicalReads="0" ActualReadAheads="0" ActualLobLogicalReads="0" ActualLobPhysicalReads="0" ActualLobReadAheads="0" ActualRowsRead="313810" ActualEndOfScans="0" ActualExecutions="1"></RunTimeCountersPerThread><RunTimeCountersPerThread Thread="4" ActualRows="335472" Batches="373" ActualExecutionMode="Batch" ActualElapsedms="117" ActualCPUms="117" ActualScans="1" ActualLogicalReads="1527" ActualPhysicalReads="0" ActualReadAheads="0" ActualLobLogicalReads="0" ActualLobPhysicalReads="0" ActualLobReadAheads="0" ActualRowsRead="335472" ActualEndOfScans="0" ActualExecutions="1"></RunTimeCountersPerThread><RunTimeCountersPerThread Thread="3" ActualRows="215656" Batches="240" ActualExecutionMode="Batch" ActualElapsedms="149" ActualCPUms="149" ActualScans="1" ActualLogicalReads="984" ActualPhysicalReads="0" ActualReadAheads="0" ActualLobLogicalReads="0" ActualLobPhysicalReads="0" ActualLobReadAheads="0" ActualRowsRead="215656" ActualEndOfScans="0" ActualExecutions="1"></RunTimeCountersPerThread><RunTimeCountersPerThread Thread="2" ActualRows="300111" Batches="334" ActualExecutionMode="Batch" ActualElapsedms="140" ActualCPUms="140" ActualScans="1" ActualLogicalReads="1364" ActualPhysicalReads="0" ActualReadAheads="0" ActualLobLogicalReads="0" ActualLobPhysicalReads="0" ActualLobReadAheads="0" ActualRowsRead="300111" ActualEndOfScans="0" ActualExecutions="1"></RunTimeCountersPerThread><RunTimeCountersPerThread Thread="1" ActualRows="317888" Batches="354" ActualExecutionMode="Batch" ActualElapsedms="160" ActualCPUms="160" ActualScans="1" ActualLogicalReads="1443" ActualPhysicalReads="0" ActualReadAheads="0" ActualLobLogicalReads="0" ActualLobPhysicalReads="0" ActualLobReadAheads="0" ActualRowsRead="317888" ActualEndOfScans="0" ActualExecutions="1"></RunTimeCountersPerThread><RunTimeCountersPerThread Thread="0" ActualRows="0" Batches="0" ActualExecutionMode="Row" ActualElapsedms="0" ActualCPUms="0" ActualEndOfScans="0" ActualExecutions="0"></RunTimeCountersPerThread></RunTimeInformation><IndexScan Ordered="0" ForcedIndex="0" ForceSeek="0" ForceScan="0" NoExpandHint="0" Storage="RowStore"><DefinedValues><DefinedValue><ColumnReference Database="[EFScenario]" Schema="[dbo]" Table="[RelatedEntity]" Alias="[r]" Column="Id"></ColumnReference></DefinedValue><DefinedValue><ColumnReference Database="[EFScenario]" Schema="[dbo]" Table="[RelatedEntity]" Alias="[r]" Column="MainEntityId"></ColumnReference></DefinedValue><DefinedValue><ColumnReference Database="[EFScenario]" Schema="[dbo]" Table="[RelatedEntity]" Alias="[r]" Column="DateCreated"></ColumnReference></DefinedValue><DefinedValue><ColumnReference Database="[EFScenario]" Schema="[dbo]" Table="[RelatedEntity]" Alias="[r]" Column="IsComplete"></ColumnReference></DefinedValue></DefinedValues><Object Database="[EFScenario]" Schema="[dbo]" Table="[RelatedEntity]" Index="[IX_RelatedEntity_MainEntityId]" Alias="[r]" IndexKind="NonClustered" Storage="RowStore"></Object></IndexScan></RelOp></Sort></RelOp></WindowAggregate></RelOp></ComputeScalar></RelOp><Predicate><ScalarOperator ScalarString="[Expr1002]&lt;=(1) AND PROBE([Opt_Bitmap1010],[EFScenario].[dbo].[RelatedEntity].[MainEntityId] as [r].[MainEntityId])"><Logical Operation="AND"><ScalarOperator><Compare CompareOp="LE"><ScalarOperator><Identifier><ColumnReference Column="Expr1002"></ColumnReference></Identifier></ScalarOperator><ScalarOperator><Const ConstValue="(1)"></Const></ScalarOperator></Compare></ScalarOperator><ScalarOperator><Intrinsic FunctionName="PROBE"><ScalarOperator><Identifier><ColumnReference Column="Opt_Bitmap1010"></ColumnReference></Identifier></ScalarOperator><ScalarOperator><Identifier><ColumnReference Database="[EFScenario]" Schema="[dbo]" Table="[RelatedEntity]" Alias="[r]" Column="MainEntityId"></ColumnReference></Identifier></ScalarOperator></Intrinsic></ScalarOperator></Logical></ScalarOperator></Predicate></Filter></RelOp></ComputeScalar></RelOp></Hash></RelOp></Parallelism></RelOp></QueryPlan></StmtSimple></Statements></Batch></BatchSequence></ShowPlanXML>